app/build/outputs/logs/manifest-merger-release-report.txt
-- Merging decision tree log ---
manifest
ADDED from src\main\AndroidManifest.xml:2:1-209:12
	package
		ADDED from src\main\AndroidManifest.xml:3:5-37
		INJECTED from src\main\AndroidManifest.xml
		INJECTED from src\main\AndroidManifest.xml
	android:versionName
		ADDED from src\main\AndroidManifest.xml:5:5-32
		INJECTED from src\main\AndroidManifest.xml
		INJECTED from src\main\AndroidManifest.xml
	android:versionCode
		ADDED from src\main\AndroidManifest.xml:4:5-30
		INJECTED from src\main\AndroidManifest.xml
		INJECTED from src\main\AndroidManifest.xml
	xmlns:android
		ADDED from src\main\AndroidManifest.xml:2:11-69
uses-permission#android.permission.BLUETOOTH_ADMIN
ADDED from src\main\AndroidManifest.xml:7:5-73
	android:name
		ADDED from src\main\AndroidManifest.xml:7:22-71
uses-permission#android.permission.BLUETOOTH
ADDED from src\main\AndroidManifest.xml:8:5-67
	android:name
		ADDED from src\main\AndroidManifest.xml:8:22-65
uses-permission#android.permission.ACCESS_FINE_LOCATION
ADDED from src\main\AndroidManifest.xml:9:5-78
	android:name
		ADDED from src\main\AndroidManifest.xml:9:22-76
uses-permission#android.permission.ACCESS_COARSE_LOCATION
ADDED from src\main\AndroidManifest.xml:10:5-80
	android:name
		ADDED from src\main\AndroidManifest.xml:10:22-78
uses-permission#android.permission.INTERNET
ADDED from src\main\AndroidManifest.xml:11:5-66
	android:name
		ADDED from src\main\AndroidManifest.xml:11:22-64
uses-permission#android.permission.WRITE_EXTERNAL_STORAGE
ADDED from src\main\AndroidManifest.xml:12:5-81
	android:name
		ADDED from src\main\AndroidManifest.xml:12:22-78
uses-permission#android.permission.VIBRATE
ADDED from src\main\AndroidManifest.xml:13:5-65
	android:name
		ADDED from src\main\AndroidManifest.xml:13:22-63
application
ADDED from src\main\AndroidManifest.xml:16:5-205:19
MERGED from [com.android.support:appcompat-v7:25.1.1] AndroidManifest.xml:25:5-20
MERGED from [com.android.support:support-v4:25.1.1] AndroidManifest.xml:25:5-20
MERGED from [com.android.support:support-fragment:25.1.1] AndroidManifest.xml:25:5-20
MERGED from [com.android.support:support-media-compat:25.1.1] AndroidManifest.xml:25:5-20
MERGED from [com.android.support:support-core-ui:25.1.1] AndroidManifest.xml:25:5-20
MERGED from [com.android.support:support-core-utils:25.1.1] AndroidManifest.xml:25:5-20
MERGED from [com.android.support:animated-vector-drawable:25.1.1] AndroidManifest.xml:22:5-20
MERGED from [com.android.support:support-vector-drawable:25.1.1] AndroidManifest.xml:23:5-20
MERGED from [com.android.support:support-compat:25.1.1] AndroidManifest.xml:25:5-20
	android:label
		ADDED from src\main\AndroidManifest.xml:19:9-41
	android:supportsRtl
		ADDED from src\main\AndroidManifest.xml:20:9-35
	android:allowBackup
		ADDED from src\main\AndroidManifest.xml:17:9-35
	android:icon
		ADDED from src\main\AndroidManifest.xml:18:9-38
	android:theme
		ADDED from src\main\AndroidManifest.xml:21:9-40
activity#com.drms.drmakersystem.Activities.MainActivity
ADDED from src\main\AndroidManifest.xml:22:9-29:20
	android:screenOrientation
		ADDED from src\main\AndroidManifest.xml:23:13-49
	android:name
		ADDED from src\main\AndroidManifest.xml:22:19-58
intent-filter#android.intent.action.MAIN+android.intent.category.LAUNCHER
ADDED from src\main\AndroidManifest.xml:24:13-28:29
action#android.intent.action.MAIN
ADDED from src\main\AndroidManifest.xml:25:17-69
	android:name
		ADDED from src\main\AndroidManifest.xml:25:25-66
category#android.intent.category.LAUNCHER
ADDED from src\main\AndroidManifest.xml:27:17-77
	android:name
		ADDED from src\main\AndroidManifest.xml:27:27-74
activity#com.drms.drmakersystem.Activities.HomeActivity
ADDED from src\main\AndroidManifest.xml:31:9-32:51
	android:screenOrientation
		ADDED from src\main\AndroidManifest.xml:32:13-49
	android:name
		ADDED from src\main\AndroidManifest.xml:31:19-58
activity#com.drms.drmakersystem.Activities.EducationActivity
ADDED from src\main\AndroidManifest.xml:34:9-35:51
	android:screenOrientation
		ADDED from src\main\AndroidManifest.xml:35:13-49
	android:name
		ADDED from src\main\AndroidManifest.xml:34:19-63
activity#com.drms.drmakersystem.Activities.EduSelectActivity
ADDED from src\main\AndroidManifest.xml:37:9-38:51
	android:screenOrientation
		ADDED from src\main\AndroidManifest.xml:38:13-49
	android:name
		ADDED from src\main\AndroidManifest.xml:37:19-63
activity#com.drms.drmakersystem.Activities.Level1Activity
ADDED from src\main\AndroidManifest.xml:40:9-41:51
	android:screenOrientation
		ADDED from src\main\AndroidManifest.xml:41:13-49
	android:name
		ADDED from src\main\AndroidManifest.xml:40:19-60
activity#com.drms.drmakersystem.Activities.Level2Activity
ADDED from src\main\AndroidManifest.xml:43:9-44:51
	android:screenOrientation
		ADDED from src\main\AndroidManifest.xml:44:13-49
	android:name
		ADDED from src\main\AndroidManifest.xml:43:19-60
activity#com.drms.drmakersystem.Activities.DRSexplainActivity
ADDED from src\main\AndroidManifest.xml:46:9-47:51
	android:screenOrientation
		ADDED from src\main\AndroidManifest.xml:47:13-49
	android:name
		ADDED from src\main\AndroidManifest.xml:46:19-64
activity#com.drms.drmakersystem.Lev1_Controller.Cont1_1_Activity
ADDED from src\main\AndroidManifest.xml:49:9-50:51
	android:screenOrientation
		ADDED from src\main\AndroidManifest.xml:50:13-49
	android:name
		ADDED from src\main\AndroidManifest.xml:49:19-67
activity#com.drms.drmakersystem.Lev1_Controller.Cont1_2_Activity
ADDED from src\main\AndroidManifest.xml:52:9-55:20
	android:screenOrientation
		ADDED from src\main\AndroidManifest.xml:54:13-50
	android:name
		ADDED from src\main\AndroidManifest.xml:53:13-61
activity#com.drms.drmakersystem.Lev1_Controller.Cont1_3_Activity
ADDED from src\main\AndroidManifest.xml:57:9-60:20
	android:screenOrientation
		ADDED from src\main\AndroidManifest.xml:59:13-50
	android:name
		ADDED from src\main\AndroidManifest.xml:58:13-61
activity#com.drms.drmakersystem.Lev1_Controller.Cont1_4_Activity
ADDED from src\main\AndroidManifest.xml:62:9-65:20
	android:screenOrientation
		ADDED from src\main\AndroidManifest.xml:64:13-50
	android:name
		ADDED from src\main\AndroidManifest.xml:63:13-61
activity#com.drms.drmakersystem.Lev1_Controller.Cont1_5_Activity
ADDED from src\main\AndroidManifest.xml:67:9-70:20
	android:screenOrientation
		ADDED from src\main\AndroidManifest.xml:68:13-50
	android:name
		ADDED from src\main\AndroidManifest.xml:67:19-67
activity#com.drms.drmakersystem.Lev1_Controller.Cont1_6_Activity
ADDED from src\main\AndroidManifest.xml:72:9-73:51
	android:screenOrientation
		ADDED from src\main\AndroidManifest.xml:73:13-49
	android:name
		ADDED from src\main\AndroidManifest.xml:72:19-67
activity#com.drms.drmakersystem.Lev1_Controller.Cont1_7_Activity
ADDED from src\main\AndroidManifest.xml:75:9-76:51
	android:screenOrientation
		ADDED from src\main\AndroidManifest.xml:76:13-49
	android:name
		ADDED from src\main\AndroidManifest.xml:75:19-67
activity#com.drms.drmakersystem.Lev1_Controller.Cont1_8_Activity
ADDED from src\main\AndroidManifest.xml:78:9-79:51
	android:screenOrientation
		ADDED from src\main\AndroidManifest.xml:79:13-49
	android:name
		ADDED from src\main\AndroidManifest.xml:78:19-67
activity#com.drms.drmakersystem.Lev1_Controller.Cont1_9_Activity
ADDED from src\main\AndroidManifest.xml:81:9-85:20
	android:screenOrientation
		ADDED from src\main\AndroidManifest.xml:83:13-50
	android:name
		ADDED from src\main\AndroidManifest.xml:82:13-61
activity#com.drms.drmakersystem.Lev1_1_Controller.Cont1_1_1_Activity
ADDED from src\main\AndroidManifest.xml:87:9-91:20
	android:screenOrientation
		ADDED from src\main\AndroidManifest.xml:89:13-50
	android:name
		ADDED from src\main\AndroidManifest.xml:88:13-65
activity#com.drms.drmakersystem.Lev1_1_Controller.Cont1_1_2_Activity
ADDED from src\main\AndroidManifest.xml:93:9-97:20
	android:screenOrientation
		ADDED from src\main\AndroidManifest.xml:95:13-50
	android:name
		ADDED from src\main\AndroidManifest.xml:94:13-65
activity#com.drms.drmakersystem.Lev1_1_Controller.Cont1_1_3_Activity
ADDED from src\main\AndroidManifest.xml:99:9-103:20
	android:screenOrientation
		ADDED from src\main\AndroidManifest.xml:101:13-50
	android:name
		ADDED from src\main\AndroidManifest.xml:100:13-65
activity#com.drms.drmakersystem.Lev2_Controller.Cont2_2_Activity
ADDED from src\main\AndroidManifest.xml:105:9-107:52
	android:screenOrientation
		ADDED from src\main\AndroidManifest.xml:107:13-50
	android:name
		ADDED from src\main\AndroidManifest.xml:106:13-61
activity#com.drms.drmakersystem.Lev2_Controller.Cont2_3_Activity
ADDED from src\main\AndroidManifest.xml:109:9-110:51
	android:screenOrientation
		ADDED from src\main\AndroidManifest.xml:110:13-49
	android:name
		ADDED from src\main\AndroidManifest.xml:109:19-67
activity#com.drms.drmakersystem.Lev2_Controller.Cont2_4_Activity
ADDED from src\main\AndroidManifest.xml:113:9-117:20
	android:screenOrientation
		ADDED from src\main\AndroidManifest.xml:115:13-50
	android:name
		ADDED from src\main\AndroidManifest.xml:114:13-61
activity#com.drms.drmakersystem.Lev2_Controller.Cont2_5_Activity
ADDED from src\main\AndroidManifest.xml:119:9-122:20
	android:screenOrientation
		ADDED from src\main\AndroidManifest.xml:121:13-50
	android:name
		ADDED from src\main\AndroidManifest.xml:120:13-61
activity#com.drms.drmakersystem.Lev2_Controller.Cont2_6_Activity
ADDED from src\main\AndroidManifest.xml:124:9-127:20
	android:screenOrientation
		ADDED from src\main\AndroidManifest.xml:126:13-50
	android:name
		ADDED from src\main\AndroidManifest.xml:125:13-61
activity#com.drms.drmakersystem.Lev2_Controller.Cont2_8_Activity
ADDED from src\main\AndroidManifest.xml:129:9-132:20
	android:screenOrientation
		ADDED from src\main\AndroidManifest.xml:131:13-50
	android:name
		ADDED from src\main\AndroidManifest.xml:130:13-61
activity#com.drms.drmakersystem.Lev2_Controller.Cont2_9_Activity
ADDED from src\main\AndroidManifest.xml:134:9-138:20
	android:screenOrientation
		ADDED from src\main\AndroidManifest.xml:136:13-50
	android:name
		ADDED from src\main\AndroidManifest.xml:135:13-61
activity#com.drms.drmakersystem.Lev2_Controller.Cont2_10_Activity
ADDED from src\main\AndroidManifest.xml:140:9-144:20
	android:screenOrientation
		ADDED from src\main\AndroidManifest.xml:142:13-50
	android:name
		ADDED from src\main\AndroidManifest.xml:141:13-62
activity#com.drms.drmakersystem.Lev2_Controller.Cont2_11_Activity
ADDED from src\main\AndroidManifest.xml:146:9-151:20
	android:screenOrientation
		ADDED from src\main\AndroidManifest.xml:148:13-50
	android:name
		ADDED from src\main\AndroidManifest.xml:147:13-62
activity#com.drms.drmakersystem.Drone_Controller.ACCJoystick
ADDED from src\main\AndroidManifest.xml:153:9-157:20
	android:screenOrientation
		ADDED from src\main\AndroidManifest.xml:155:13-50
	android:name
		ADDED from src\main\AndroidManifest.xml:154:13-57
activity#com.drms.drmakersystem.Drone_Controller.DualJoystick
ADDED from src\main\AndroidManifest.xml:159:9-163:20
	android:screenOrientation
		ADDED from src\main\AndroidManifest.xml:161:13-50
	android:name
		ADDED from src\main\AndroidManifest.xml:160:13-58
activity#com.drms.drmakersystem.Drone_Controller.SingleJoystick
ADDED from src\main\AndroidManifest.xml:165:9-169:20
	android:screenOrientation
		ADDED from src\main\AndroidManifest.xml:167:13-49
	android:name
		ADDED from src\main\AndroidManifest.xml:166:13-60
activity#com.drms.drmakersystem.Drone_Controller.Setting_Activity
ADDED from src\main\AndroidManifest.xml:171:9-176:20
	android:screenOrientation
		ADDED from src\main\AndroidManifest.xml:173:13-49
	android:windowSoftInputMode
		ADDED from src\main\AndroidManifest.xml:174:13-60
	android:name
		ADDED from src\main\AndroidManifest.xml:172:13-62
activity#com.drms.drmakersystem.Drone_Controller.UploadActivity
ADDED from src\main\AndroidManifest.xml:178:9-179:51
	android:screenOrientation
		ADDED from src\main\AndroidManifest.xml:179:13-49
	android:name
		ADDED from src\main\AndroidManifest.xml:178:19-66
activity#com.drms.drmakersystem.Activities.DRS_uploadExplainActivity
ADDED from src\main\AndroidManifest.xml:181:9-182:51
	android:screenOrientation
		ADDED from src\main\AndroidManifest.xml:182:13-49
	android:name
		ADDED from src\main\AndroidManifest.xml:181:19-71
activity#com.drms.drmakersystem.Activities.DroneExplainActivity
ADDED from src\main\AndroidManifest.xml:184:9-187:20
	android:screenOrientation
		ADDED from src\main\AndroidManifest.xml:185:13-49
	android:name
		ADDED from src\main\AndroidManifest.xml:184:19-66
activity#com.drms.drmakersystem.Communication.DeviceListActivity
ADDED from src\main\AndroidManifest.xml:189:9-192:20
	android:screenOrientation
		ADDED from src\main\AndroidManifest.xml:191:13-50
	android:name
		ADDED from src\main\AndroidManifest.xml:190:13-61
activity#com.drms.drmakersystem.Activities.ContHelp_1Activity
ADDED from src\main\AndroidManifest.xml:194:9-195:52
	android:screenOrientation
		ADDED from src\main\AndroidManifest.xml:195:13-50
	android:name
		ADDED from src\main\AndroidManifest.xml:194:19-64
activity#com.drms.drmakersystem.Activities.ContHelp_2Activity
ADDED from src\main\AndroidManifest.xml:197:9-198:51
	android:screenOrientation
		ADDED from src\main\AndroidManifest.xml:198:13-49
	android:name
		ADDED from src\main\AndroidManifest.xml:197:19-64
activity#com.drms.drmakersystem.Activities.ContHelp_3Activity
ADDED from src\main\AndroidManifest.xml:200:9-201:52
	android:screenOrientation
		ADDED from src\main\AndroidManifest.xml:201:13-50
	android:name
		ADDED from src\main\AndroidManifest.xml:200:19-64
uses-sdk
INJECTED from src\main\AndroidManifest.xml reason: use-sdk injection requested
MERGED from [com.android.support:appcompat-v7:25.1.1] AndroidManifest.xml:21:5-23:78
MERGED from [com.android.support:support-v4:25.1.1] AndroidManifest.xml:21:5-23:54
MERGED from [com.android.support:support-fragment:25.1.1] AndroidManifest.xml:21:5-23:60
MERGED from [com.android.support:support-media-compat:25.1.1] AndroidManifest.xml:21:5-23:63
MERGED from [com.android.support:support-core-ui:25.1.1] AndroidManifest.xml:21:5-23:58
MERGED from [com.android.support:support-core-utils:25.1.1] AndroidManifest.xml:21:5-23:61
MERGED from [com.android.support:animated-vector-drawable:25.1.1] AndroidManifest.xml:20:5-44
MERGED from [com.android.support:support-vector-drawable:25.1.1] AndroidManifest.xml:21:5-43
MERGED from [com.android.support:support-compat:25.1.1] AndroidManifest.xml:21:5-23:58
	tools:overrideLibrary
		ADDED from [com.android.support:appcompat-v7:25.1.1] AndroidManifest.xml:23:9-75
	android:targetSdkVersion
		INJECTED from src\main\AndroidManifest.xml
		INJECTED from src\main\AndroidManifest.xml
	android:minSdkVersion
		INJECTED from src\main\AndroidManifest.xml
		INJECTED from src\main\AndroidManifest.xml